This is TeX, C Version 3.14t3 (format=lplain 92.9.4)  20 OCT 1995 12:38
**770_images.tex
(770_images.tex
LaTeX Version 2.09 <7 Dec 1989>

(/rainbow/usr/local/lib/tex/inputs/article.sty
Document Style `article' <16 Mar 88>.
(/rainbow/usr/local/lib/tex/inputs/art10.sty)
\c@part=\count79
\c@section=\count80
\c@subsection=\count81
\c@subsubsection=\count82
\c@paragraph=\count83
\c@subparagraph=\count84
\c@figure=\count85
\c@table=\count86
) (/rainbow/usr/local/lib/tex_local/inputs/epsf.sty
\epsffilein=\read0
\epsfxsize=\dimen99
\epsfysize=\dimen100
\epsftsize=\dimen101
\epsfrsize=\dimen102
\epsftmp=\dimen103
\pspoints=\dimen104
\epsfhbpsize=\dimen105
\epsfvbpsize=\dimen106
)
! Missing { inserted.
l.128 ...\({ (}\def\right\){ )}\def\left\{\sc and}
                                                  \def\right\>{ \rangle}\def...
Where was the left brace? You said something like `\def\a}',
which I'm going to interpret as `\def\a{}'.

No file 770_images.aux.
[1


] [2

] [3] [4]
Overfull \hbox (2.4787pt too wide) in paragraph at lines 310--364
 [] 

\hbox(256.35829+251.35829)x480.0
.\glue(\leftskip) 0.0 plus 1.0fil
.\hbox(256.35829+251.35829)x482.4787
..\mathon
..\vbox(256.35829+251.35829)x482.4787
...\rule(0.4+0.0)x482.4787
...\hbox(8.39996+3.60004)x482.4787 []
...\rule(0.4+0.0)x482.4787
...\hbox(8.39996+3.60004)x482.4787 []
...\glue(\lineskip) 0.0
...etc.
..\mathoff
.\penalty 10000
.\glue(\parfillskip) 0.0
.\glue(\rightskip) 0.0 plus 1.0fil

[5] [6

] [7

] [8

] [9] [10

] [11] [12]
! Use of \left doesn't match its definition.
\[->\left [
           
l.495 ... \clearpage \begin{eqnarray}\sigma &=& \[
                                                   {1\over N} \sum_i \( {\oW...
If you say, e.g., `\def\a1{...}', then you must always
put `1' after `\a', since control sequence names are
made up of letters only. The macro here has not been
followed by the required stuff, so I'm ignoring it.

! Use of \left doesn't match its definition.
\(->\left (
           
l.495 ...narray}\sigma &=& \[ {1\over N} \sum_i \(
                                                   {\oW_e}_i - {\oW_m}_i \)
If you say, e.g., `\def\a1{...}', then you must always
put `1' after `\a', since control sequence names are
made up of letters only. The macro here has not been
followed by the required stuff, so I'm ignoring it.

! Use of \right doesn't match its definition.
\)->\right )
            
l.495 ...ver N} \sum_i \( {\oW_e}_i - {\oW_m}_i \)
                                                  
If you say, e.g., `\def\a1{...}', then you must always
put `1' after `\a', since control sequence names are
made up of letters only. The macro here has not been
followed by the required stuff, so I'm ignoring it.

! Use of \right doesn't match its definition.
\]->\right ]
            
l.496 ^2\]
          ^{1/2}\label{eq:std}\\
If you say, e.g., `\def\a1{...}', then you must always
put `1' after `\a', since control sequence names are
made up of letters only. The macro here has not been
followed by the required stuff, so I'm ignoring it.

! Double superscript.
l.496 ^2\]^
           {1/2}\label{eq:std}\\
I treat `x^1^2' essentially like `x^1{}^2'.

! Use of \left doesn't match its definition.
\(->\left (
           
l.497 ...ox{\small bias}} &=& {1\over N} \sum_i \(
                                                  {\oW_e}_i - {\oW_m}_i\)\\
If you say, e.g., `\def\a1{...}', then you must always
put `1' after `\a', since control sequence names are
made up of letters only. The macro here has not been
followed by the required stuff, so I'm ignoring it.

! Use of \right doesn't match its definition.
\)->\right )
            
l.497 ...\over N} \sum_i \({\oW_e}_i - {\oW_m}_i\)
                                                  \\
If you say, e.g., `\def\a1{...}', then you must always
put `1' after `\a', since control sequence names are
made up of letters only. The macro here has not been
followed by the required stuff, so I'm ignoring it.

! Use of \left doesn't match its definition.
\[->\left [
           
l.498 {\mbox{\small scatter}} &=& \[
                                     {1\over N} \sum_i \( {\oW_e}_i - {\oW_m}_i
If you say, e.g., `\def\a1{...}', then you must always
put `1' after `\a', since control sequence names are
made up of letters only. The macro here has not been
followed by the required stuff, so I'm ignoring it.

! Use of \left doesn't match its definition.
\(->\left (
           
l.498 ...all scatter}} &=& \[ {1\over N} \sum_i \(
                                                   {\oW_e}_i - {\oW_m}_i
If you say, e.g., `\def\a1{...}', then you must always
put `1' after `\a', since control sequence names are
made up of letters only. The macro here has not been
followed by the required stuff, so I'm ignoring it.

! Use of \right doesn't match its definition.
\)->\right )
            
l.499 - b \)
             ^2\]^{1/2} \label{eq:scatter}
If you say, e.g., `\def\a1{...}', then you must always
put `1' after `\a', since control sequence names are
made up of letters only. The macro here has not been
followed by the required stuff, so I'm ignoring it.

! Use of \right doesn't match its definition.
\]->\right ]
            
l.499 - b \) ^2\]
                 ^{1/2} \label{eq:scatter}
If you say, e.g., `\def\a1{...}', then you must always
put `1' after `\a', since control sequence names are
made up of letters only. The macro here has not been
followed by the required stuff, so I'm ignoring it.

! Double superscript.
l.499 - b \) ^2\]^
                  {1/2} \label{eq:scatter}
I treat `x^1^2' essentially like `x^1{}^2'.

[13

] [14

] [15

] [16

] [17

] [18

] [19

] [20] [21

] [22

] [23

] [24

] [25

] [26

] [27

] [28

] [29

] [30

] [31] [32

] [33

] [34

] [35

]
LaTeX Warning: Reference `sec:assess' on page 36 undefined.
LaTeX Warning: Reference `eq:std' on page 36 undefined.
LaTeX Warning: Reference `eq:scatter' on page 36 undefined.
LaTeX Warning: Reference `sec:assess' on page 36 undefined.
LaTeX Warning: Reference `eq:std' on page 36 undefined.
LaTeX Warning: Reference `eq:scatter' on page 36 undefined.
[36]
Missing character: There is no ^^b0 in font cmr10!
Missing character: There is no ^^b0 in font cmr10!
[37]
LaTeX Warning: Reference `sec:assess' on page 38 undefined.
LaTeX Warning: Reference `eq:std' on page 38 undefined.
LaTeX Warning: Reference `eq:scatter' on page 38 undefined.
LaTeX Warning: Reference `sec:assess' on page 38 undefined.
LaTeX Warning: Reference `eq:std' on page 38 undefined.
LaTeX Warning: Reference `eq:scatter' on page 38 undefined.
Missing character: There is no ^^b0 in font cmr10!
Missing character: There is no ^^b0 in font cmr10!
Missing character: There is no ^^b0 in font cmr10!
Missing character: There is no ^^b0 in font cmr10!
Missing character: There is no ^^b0 in font cmr10!
Missing character: There is no ^^b0 in font cmr10!
Missing character: There is no ^^b0 in font cmr10!
Missing character: There is no ^^b0 in font cmr10!
Missing character: There is no ^^b0 in font cmr10!
Missing character: There is no ^^b0 in font cmr10!
Missing character: There is no ^^b0 in font cmr10!
Missing character: There is no ^^b0 in font cmr10!
Missing character: There is no ^^b0 in font cmr10!
Missing character: There is no ^^b0 in font cmr10!
Missing character: There is no ^^b0 in font cmr10!
Missing character: There is no ^^b0 in font cmr10!
Missing character: There is no ^^b0 in font cmr10!
Missing character: There is no ^^b0 in font cmr10!
Missing character: There is no ^^b0 in font cmr10!
Missing character: There is no ^^b0 in font cmr10!
Missing character: There is no ^^b0 in font cmr10!
Missing character: There is no ^^b0 in font cmr10!
Missing character: There is no ^^b0 in font cmr10!
Missing character: There is no ^^b0 in font cmr10!
Missing character: There is no ^^b0 in font cmr10!
Missing character: There is no ^^b0 in font cmr10!
Missing character: There is no ^^b0 in font cmr10!
Missing character: There is no ^^b0 in font cmr10!
Missing character: There is no ^^b0 in font cmr10!
Missing character: There is no ^^b0 in font cmr10!
Missing character: There is no ^^b0 in font cmr10!
Missing character: There is no ^^b0 in font cmr10!
[38] [39] [40] [41

] [42

] [43

] [44

] [45] [46

] [47

] [48

] [49

] [50

] [51

] [52

] [53

] [54

] [55

]
Underfull \hbox (badness 5217) in paragraph at lines 955--957
[]\tenrm latent heat of evap-o-ra-tion (J kg$[]$),

\hbox(8.14003+2.5)x187.90244, glue set 3.74069
.\hbox(0.0+0.0)x0.0
.\tenrm l
.\tenrm a
.\tenrm t
.\tenrm e
.etc.

[56

]
Missing character: There is no ^^b0 in font cmr10!
Missing character: There is no ^^b0 in font cmr10!
[57

] [58

] [59

]
Underfull \hbox (badness 10000) in paragraph at lines 1022--1023
[]\tenrm atmospheric trans-mis-sion co-ef-fi-cient

\hbox(6.94444+1.94444)x187.90244, glue set 9.1207
.\hbox(0.0+0.0)x0.0
.\tenrm a
.\tenrm t
.\tenrm m
.\tenrm o
.etc.

[60

] [61

] [62

] [63

] [64

] [65

] [66

] [67

] [68

] [69

] [70

] [71

]
! Use of \left doesn't match its definition.
l.1102 ...ge \begin{eqnarray*}C_{DN} &=& \left \{ 
                                                  \begin{array}{l}
If you say, e.g., `\def\a1{...}', then you must always
put `1' after `\a', since control sequence names are
made up of letters only. The macro here has not been
followed by the required stuff, so I'm ignoring it.

! Use of \right doesn't match its definition.
l.1108 \end{array} \right .
                           
If you say, e.g., `\def\a1{...}', then you must always
put `1' after `\a', since control sequence names are
made up of letters only. The macro here has not been
followed by the required stuff, so I'm ignoring it.

[72

] [73

] [74

] [75

] [76

] [77

] [78

] [79

] [80

] [81

] [82

] [83

] [84

] [85

] [86

] [87

] [88

] [89

] [90

] [91

]
! Use of \left doesn't match its definition.
l.1243 ...e \begin{eqnarray}C_{TN} & = & \left \{ 
                                                  \begin{array}{ll}
If you say, e.g., `\def\a1{...}', then you must always
put `1' after `\a', since control sequence names are
made up of letters only. The macro here has not been
followed by the required stuff, so I'm ignoring it.

! Use of \right doesn't match its definition.
l.1247 \right .
                \\
If you say, e.g., `\def\a1{...}', then you must always
put `1' after `\a', since control sequence names are
made up of letters only. The macro here has not been
followed by the required stuff, so I'm ignoring it.

[92

] [93

] [94

] [95

] [96

] [97

] [98

] [99

] [100

] [101] [102

] [103

] [104

] [105

] [106] [107

] [108

]
! Use of \left doesn't match its definition.
\(->\left (
           
l.1404 ...uation}R_S = R_{{\mbox{\small clear}}}\(
                                                   1 - 0.62c + 0.0019\beta \...
If you say, e.g., `\def\a1{...}', then you must always
put `1' after `\a', since control sequence names are
made up of letters only. The macro here has not been
followed by the required stuff, so I'm ignoring it.

! Use of \right doesn't match its definition.
\)->\right )
            
l.1404 ...ll clear}}}\( 1 - 0.62c + 0.0019\beta \)
                                                  \(1-\alpha\) \, .
If you say, e.g., `\def\a1{...}', then you must always
put `1' after `\a', since control sequence names are
made up of letters only. The macro here has not been
followed by the required stuff, so I'm ignoring it.

! Use of \left doesn't match its definition.
\(->\left (
           
l.1404 ... clear}}}\( 1 - 0.62c + 0.0019\beta \)\(
                                                  1-\alpha\) \, .
If you say, e.g., `\def\a1{...}', then you must always
put `1' after `\a', since control sequence names are
made up of letters only. The macro here has not been
followed by the required stuff, so I'm ignoring it.

! Use of \right doesn't match its definition.
\)->\right )
            
l.1404 ...( 1 - 0.62c + 0.0019\beta \)\(1-\alpha\)
                                                   \, .
If you say, e.g., `\def\a1{...}', then you must always
put `1' after `\a', since control sequence names are
made up of letters only. The macro here has not been
followed by the required stuff, so I'm ignoring it.

[109

] [110

] [111

] [112

] [113

] [114

] [115

] [116

] [117

] [118

] [119

]
! Use of \left doesn't match its definition.
\(->\left (
           
l.1474 ...array}R_L & = & \epsilon \sigma T_s^4 \(
                                                   0.39 - 0.05 \sqrt{e} \)
If you say, e.g., `\def\a1{...}', then you must always
put `1' after `\a', since control sequence names are
made up of letters only. The macro here has not been
followed by the required stuff, so I'm ignoring it.

! Use of \right doesn't match its definition.
\)->\right )
            
l.1474 ... \sigma T_s^4 \( 0.39 - 0.05 \sqrt{e} \)
                                                  
If you say, e.g., `\def\a1{...}', then you must always
put `1' after `\a', since control sequence names are
made up of letters only. The macro here has not been
followed by the required stuff, so I'm ignoring it.

! Use of \left doesn't match its definition.
\(->\left (
           
l.1475 \(
          1 - \chi c^2 \)  \nonumber \\
If you say, e.g., `\def\a1{...}', then you must always
put `1' after `\a', since control sequence names are
made up of letters only. The macro here has not been
followed by the required stuff, so I'm ignoring it.

! Use of \right doesn't match its definition.
\)->\right )
            
l.1475 \( 1 - \chi c^2 \)
                           \nonumber \\
If you say, e.g., `\def\a1{...}', then you must always
put `1' after `\a', since control sequence names are
made up of letters only. The macro here has not been
followed by the required stuff, so I'm ignoring it.

! Use of \left doesn't match its definition.
\(->\left (
           
l.1476 & & + 4 \epsilon \sigma T_s^3 \(
                                        T_s - T_a \) \, .
If you say, e.g., `\def\a1{...}', then you must always
put `1' after `\a', since control sequence names are
made up of letters only. The macro here has not been
followed by the required stuff, so I'm ignoring it.

! Use of \right doesn't match its definition.
\)->\right )
            
l.1476 ... 4 \epsilon \sigma T_s^3 \( T_s - T_a \)
                                                   \, .
If you say, e.g., `\def\a1{...}', then you must always
put `1' after `\a', since control sequence names are
made up of letters only. The macro here has not been
followed by the required stuff, so I'm ignoring it.

[120

] [121

] [122

] [123

] [124

]
! Use of \left doesn't match its definition.
\(->\left (
           
l.1509 B = g \rho_w \(
                       \alpha' F_T + \beta' F_S \)
If you say, e.g., `\def\a1{...}', then you must always
put `1' after `\a', since control sequence names are
made up of letters only. The macro here has not been
followed by the required stuff, so I'm ignoring it.

! Use of \right doesn't match its definition.
\)->\right )
            
l.1509 B = g \rho_w \( \alpha' F_T + \beta' F_S \)
                                                  
If you say, e.g., `\def\a1{...}', then you must always
put `1' after `\a', since control sequence names are
made up of letters only. The macro here has not been
followed by the required stuff, so I'm ignoring it.

[125

] [126

] [127

] [128

] [129

] [130

] [131

] [132

] [133

] [134

] [135

] [136

] [137

] [138

] [139

] [140

] [141] [142

] [143

] [144

] [145

] [146

] [147

] [148

] [149

] [150

] [151

] [152

] [153

] [154

] [155

] [156

] [157

] [158

] [159

] [160

] [161

] [162

] [163

]
! Use of \left doesn't match its definition.
\(->\left (
           
l.1787         & = & R_{S} - \(
                                R_{L} + Q_{L} + Q_{S} \) \, .
If you say, e.g., `\def\a1{...}', then you must always
put `1' after `\a', since control sequence names are
made up of letters only. The macro here has not been
followed by the required stuff, so I'm ignoring it.

! Use of \right doesn't match its definition.
\)->\right )
            
l.1787 ... = & R_{S} - \( R_{L} + Q_{L} + Q_{S} \)
                                                   \, .
If you say, e.g., `\def\a1{...}', then you must always
put `1' after `\a', since control sequence names are
made up of letters only. The macro here has not been
followed by the required stuff, so I'm ignoring it.

[164

] [165

] [166

] [167

] [168

] [169

] [170] [171

] [172

] [173

] [174

] [175

] [176

] [177

] [178

] [179

] [180

] [181

] [182

] [183

] [184

] [185

] [186

] [187

] [188

] [189

]
! Use of \left doesn't match its definition.
l.1965 ...earpage \begin{equation}A_{ji} = \left .
                                                   { \partial {\cal H}_y\ove...
If you say, e.g., `\def\a1{...}', then you must always
put `1' after `\a', since control sequence names are
made up of letters only. The macro here has not been
followed by the required stuff, so I'm ignoring it.

! Use of \right doesn't match its definition.
l.1966 |
        _{y=y_j,{\bf p}=\bp^*} \, .
If you say, e.g., `\def\a1{...}', then you must always
put `1' after `\a', since control sequence names are
made up of letters only. The macro here has not been
followed by the required stuff, so I'm ignoring it.

[190

] [191

] [192

] [193

] [194

] [195

] [196

] [197

]
! Use of \left doesn't match its definition.
\(->\left (
           
l.2020         + \(
                    {\bf A}\,{\delta {\bf p}} - \bd^*\)^T \bR^{-1} \({\bf A}...
If you say, e.g., `\def\a1{...}', then you must always
put `1' after `\a', since control sequence names are
made up of letters only. The macro here has not been
followed by the required stuff, so I'm ignoring it.

! Use of \right doesn't match its definition.
\)->\right )
            
l.2020 ...+ \( {\bf A}\,{\delta {\bf p}} - \bd^*\)
                                                  ^T \bR^{-1} \({\bf A}\,{\d...
If you say, e.g., `\def\a1{...}', then you must always
put `1' after `\a', since control sequence names are
made up of letters only. The macro here has not been
followed by the required stuff, so I'm ignoring it.

! Double superscript.
l.2020 ... \( {\bf A}\,{\delta {\bf p}} - \bd^*\)^
                                                  T \bR^{-1} \({\bf A}\,{\de...
I treat `x^1^2' essentially like `x^1{}^2'.

! Use of \left doesn't match its definition.
\(->\left (
           
l.2020 ...{\delta {\bf p}} - \bd^*\)^T \bR^{-1} \(
                                                  {\bf A}\,{\delta {\bf p}} ...
If you say, e.g., `\def\a1{...}', then you must always
put `1' after `\a', since control sequence names are
made up of letters only. The macro here has not been
followed by the required stuff, so I'm ignoring it.

! Use of \right doesn't match its definition.
\)->\right )
            
l.2020 ...-1} \({\bf A}\,{\delta {\bf p}} -\bd^*\)
                                                  
If you say, e.g., `\def\a1{...}', then you must always
put `1' after `\a', since control sequence names are
made up of letters only. The macro here has not been
followed by the required stuff, so I'm ignoring it.

[198

] [199

] [200

]
! Use of \left doesn't match its definition.
\(->\left (
           
l.2040 ... \, {\delta {\bf p}} + \bA^T \bR^{-1} \(
                                                  {\bf A}\,{\delta {\bf p}} ...
If you say, e.g., `\def\a1{...}', then you must always
put `1' after `\a', since control sequence names are
made up of letters only. The macro here has not been
followed by the required stuff, so I'm ignoring it.

! Use of \right doesn't match its definition.
\)->\right )
            
l.2040 ...-1} \({\bf A}\,{\delta {\bf p}} -\bd^*\)
                                                   = 0
If you say, e.g., `\def\a1{...}', then you must always
put `1' after `\a', since control sequence names are
made up of letters only. The macro here has not been
followed by the required stuff, so I'm ignoring it.

[201

]
! Use of \left doesn't match its definition.
\(->\left (
           
l.2047 ...ge \begin{equation}{\delta {\bf p}} = \(
                                                   \bE^{-1} + \bA^T\bR^{-1}{...
If you say, e.g., `\def\a1{...}', then you must always
put `1' after `\a', since control sequence names are
made up of letters only. The macro here has not been
followed by the required stuff, so I'm ignoring it.

! Use of \right doesn't match its definition.
\)->\right )
            
l.2047 ...} = \( \bE^{-1} + \bA^T\bR^{-1}{\bf A}\)
                                                  ^{-1} \bA^T \bR^{-1} \bd^*...
If you say, e.g., `\def\a1{...}', then you must always
put `1' after `\a', since control sequence names are
made up of letters only. The macro here has not been
followed by the required stuff, so I'm ignoring it.

[202

]
! Use of \left doesn't match its definition.
\(->\left (
           
l.2054 {\samepage \clearpage \begin{equation}\(
                                                \bE^{-1} + \bA^T\bR^{-1}{\bf...
If you say, e.g., `\def\a1{...}', then you must always
put `1' after `\a', since control sequence names are
made up of letters only. The macro here has not been
followed by the required stuff, so I'm ignoring it.

! Use of \right doesn't match its definition.
\)->\right )
            
l.2054 ...ion}\( \bE^{-1} + \bA^T\bR^{-1}{\bf A}\)
                                                  ^{-1} \bA^T \bR^{-1} \equiv
If you say, e.g., `\def\a1{...}', then you must always
put `1' after `\a', since control sequence names are
made up of letters only. The macro here has not been
followed by the required stuff, so I'm ignoring it.

! Use of \left doesn't match its definition.
\(->\left (
           
l.2055 {\bf E} \bA^T \(
                        {\bf A} {\bf E} \bA^T + {\bf R} \)^{-1}
If you say, e.g., `\def\a1{...}', then you must always
put `1' after `\a', since control sequence names are
made up of letters only. The macro here has not been
followed by the required stuff, so I'm ignoring it.

! Use of \right doesn't match its definition.
\)->\right )
            
l.2055 ...^T \( {\bf A} {\bf E} \bA^T + {\bf R} \)
                                                  ^{-1}
If you say, e.g., `\def\a1{...}', then you must always
put `1' after `\a', since control sequence names are
made up of letters only. The macro here has not been
followed by the required stuff, so I'm ignoring it.

[203

]
! Use of \left doesn't match its definition.
\(->\left (
           
<argument> \ ${\delta {\bf p}} = {\bf E} \bA ^T \(
                                                   {\bf A} {\bf E} \bA ^T + ...

\fbox #1->\leavevmode \setbox \@tempboxa \hbox {#1
                                                  }\@tempdima \fboxrule \adv...
l.2062 ...\bf E} \bA^T + {\bf R} \)^{-1} \bd^*$\ }
                                                   \, .
If you say, e.g., `\def\a1{...}', then you must always
put `1' after `\a', since control sequence names are
made up of letters only. The macro here has not been
followed by the required stuff, so I'm ignoring it.

! Use of \right doesn't match its definition.
\)->\right )
            
<argument> ... {\bf A} {\bf E} \bA ^T + {\bf R} \)
                                                  ^{-1} \bd ^*$\ 
\fbox #1->\leavevmode \setbox \@tempboxa \hbox {#1
                                                  }\@tempdima \fboxrule \adv...
l.2062 ...\bf E} \bA^T + {\bf R} \)^{-1} \bd^*$\ }
                                                   \, .
If you say, e.g., `\def\a1{...}', then you must always
put `1' after `\a', since control sequence names are
made up of letters only. The macro here has not been
followed by the required stuff, so I'm ignoring it.

[204

]
! Use of \left doesn't match its definition.
\(->\left (
           
l.2071 \(
          {\bf A} {\bf E} \bA^T + \bR^{-1} \)^{-1} \bd^* $
If you say, e.g., `\def\a1{...}', then you must always
put `1' after `\a', since control sequence names are
made up of letters only. The macro here has not been
followed by the required stuff, so I'm ignoring it.

! Use of \right doesn't match its definition.
\)->\right )
            
l.2071 \( {\bf A} {\bf E} \bA^T + \bR^{-1} \)
                                             ^{-1} \bd^* $
If you say, e.g., `\def\a1{...}', then you must always
put `1' after `\a', since control sequence names are
made up of letters only. The macro here has not been
followed by the required stuff, so I'm ignoring it.

! Double superscript.
l.2071 \( {\bf A} {\bf E} \bA^T + \bR^{-1} \)^
                                              {-1} \bd^* $
I treat `x^1^2' essentially like `x^1{}^2'.

[205

] [206

]
! Use of \left doesn't match its definition.
\(->\left (
           
l.2083 ... = {e_i^2 A_i \over \sigma_*^2 + r^2} \(
                                                    \hat{{\cal H}}_y(y) -
If you say, e.g., `\def\a1{...}', then you must always
put `1' after `\a', since control sequence names are
made up of letters only. The macro here has not been
followed by the required stuff, so I'm ignoring it.

! Use of \right doesn't match its definition.
\)->\right )
            
l.2084 {\cal H}_y(y,\bp^*) \)
                              \label{eq:single}
If you say, e.g., `\def\a1{...}', then you must always
put `1' after `\a', since control sequence names are
made up of letters only. The macro here has not been
followed by the required stuff, so I'm ignoring it.

[207

] [208

] [209

] [210

] [211

] [212

] [213

] [214

] [215

] [216

] [217

] [218

] [219

] [220

] [221

] [222

]
! Use of \left doesn't match its definition.
\(->\left (
           
l.2187 & & \times\, \(
                       1 - p_c 0.62c + 0.0019\beta \)\(1-\alpha\)
If you say, e.g., `\def\a1{...}', then you must always
put `1' after `\a', since control sequence names are
made up of letters only. The macro here has not been
followed by the required stuff, so I'm ignoring it.

! Use of \right doesn't match its definition.
\)->\right )
            
l.2187 ...imes\, \( 1 - p_c 0.62c + 0.0019\beta \)
                                                  \(1-\alpha\)
If you say, e.g., `\def\a1{...}', then you must always
put `1' after `\a', since control sequence names are
made up of letters only. The macro here has not been
followed by the required stuff, so I'm ignoring it.

! Use of \left doesn't match its definition.
\(->\left (
           
l.2187 ...es\, \( 1 - p_c 0.62c + 0.0019\beta \)\(
                                                  1-\alpha\)
If you say, e.g., `\def\a1{...}', then you must always
put `1' after `\a', since control sequence names are
made up of letters only. The macro here has not been
followed by the required stuff, so I'm ignoring it.

! Use of \right doesn't match its definition.
\)->\right )
            
l.2187 ...- p_c 0.62c + 0.0019\beta \)\(1-\alpha\)
                                                  
If you say, e.g., `\def\a1{...}', then you must always
put `1' after `\a', since control sequence names are
made up of letters only. The macro here has not been
followed by the required stuff, so I'm ignoring it.

! Use of \left doesn't match its definition.
\(->\left (
           
l.2189 R_{L} &=& \epsilon \sigma T_s^4 p_e \(
                                              0.39 - 0.05 \sqrt{e} \)
If you say, e.g., `\def\a1{...}', then you must always
put `1' after `\a', since control sequence names are
made up of letters only. The macro here has not been
followed by the required stuff, so I'm ignoring it.

! Use of \right doesn't match its definition.
\)->\right )
            
l.2189 ...gma T_s^4 p_e \( 0.39 - 0.05 \sqrt{e} \)
                                                  
If you say, e.g., `\def\a1{...}', then you must always
put `1' after `\a', since control sequence names are
made up of letters only. The macro here has not been
followed by the required stuff, so I'm ignoring it.

! Use of \left doesn't match its definition.
\(->\left (
           
l.2190 \(
          1 - p_\chi \chi c^2 \) \nonumber \\
If you say, e.g., `\def\a1{...}', then you must always
put `1' after `\a', since control sequence names are
made up of letters only. The macro here has not been
followed by the required stuff, so I'm ignoring it.

! Use of \right doesn't match its definition.
\)->\right )
            
l.2190 \( 1 - p_\chi \chi c^2 \)
                                 \nonumber \\
If you say, e.g., `\def\a1{...}', then you must always
put `1' after `\a', since control sequence names are
made up of letters only. The macro here has not been
followed by the required stuff, so I'm ignoring it.

! Use of \left doesn't match its definition.
\(->\left (
           
l.2191 & & +\, 4 \epsilon \sigma T_s^3 \(
                                          T_s - T_a \)
If you say, e.g., `\def\a1{...}', then you must always
put `1' after `\a', since control sequence names are
made up of letters only. The macro here has not been
followed by the required stuff, so I'm ignoring it.

! Use of \right doesn't match its definition.
\)->\right )
            
l.2191 ... 4 \epsilon \sigma T_s^3 \( T_s - T_a \)
                                                  
If you say, e.g., `\def\a1{...}', then you must always
put `1' after `\a', since control sequence names are
made up of letters only. The macro here has not been
followed by the required stuff, so I'm ignoring it.

[223

] [224

] [225

] [226

] [227

] [228

] [229

]
Missing character: There is no ^^b0 in font cmr10!
Missing character: There is no ^^b0 in font cmr10!
Missing character: There is no ^^b0 in font cmr10!
Missing character: There is no ^^b0 in font cmr10!
Missing character: There is no ^^b0 in font cmr10!
Missing character: There is no ^^b0 in font cmr10!
Missing character: There is no ^^b0 in font cmr10!
Missing character: There is no ^^b0 in font cmr10!
Missing character: There is no ^^b0 in font cmr10!
Missing character: There is no ^^b0 in font cmr10!
Missing character: There is no ^^b0 in font cmr10!
Missing character: There is no ^^b0 in font cmr10!
[230] [231

] [232

]
! Use of \left doesn't match its definition.
\(->\left (
           
l.2288         + \int_y^{y_n} dy \int \(
                                        P-E\) \, dx
If you say, e.g., `\def\a1{...}', then you must always
put `1' after `\a', since control sequence names are
made up of letters only. The macro here has not been
followed by the required stuff, so I'm ignoring it.

! Use of \right doesn't match its definition.
\)->\right )
            
l.2288         + \int_y^{y_n} dy \int \(P-E\)
                                              \, dx
If you say, e.g., `\def\a1{...}', then you must always
put `1' after `\a', since control sequence names are
made up of letters only. The macro here has not been
followed by the required stuff, so I'm ignoring it.

[233

] [234

] [235

] [236

] [237

] [238

] [239

] [240

] [241

] [242

] [243

] [244

] [245

]
Missing character: There is no ^^b0 in font cmr10!
Missing character: There is no ^^b0 in font cmr10!
Missing character: There is no ^^b0 in font cmr10!
Missing character: There is no ^^b0 in font cmr10!
Missing character: There is no ^^b0 in font cmr10!
Missing character: There is no ^^b0 in font cmr10!
Missing character: There is no ^^b0 in font cmr10!
Missing character: There is no ^^b0 in font cmr10!
Missing character: There is no ^^b0 in font cmr10!
Missing character: There is no ^^b0 in font cmr10!
Missing character: There is no ^^b0 in font cmr10!
Missing character: There is no ^^b0 in font cmr10!
[246] [247

] [248

]
Missing character: There is no ^^b0 in font cmr10!
Missing character: There is no ^^b0 in font cmr10!
Missing character: There is no ^^b0 in font cmr10!
Missing character: There is no ^^b0 in font cmr10!
Missing character: There is no ^^b0 in font cmr10!
Missing character: There is no ^^b0 in font cmr10!
Missing character: There is no ^^b0 in font cmr10!
Missing character: There is no ^^b0 in font cmr10!
Missing character: There is no ^^b0 in font cmr10!
Missing character: There is no ^^b0 in font cmr10!
Missing character: There is no ^^b0 in font cmr10!
Missing character: There is no ^^b0 in font cmr10!
Missing character: There is no ^^b0 in font cmr10!
Missing character: There is no ^^b0 in font cmr10!
Missing character: There is no ^^b0 in font cmr10!
Missing character: There is no ^^b0 in font cmr10!
Missing character: There is no ^^b0 in font cmr10!
Missing character: There is no ^^b0 in font cmr10!
[249] [250

] [251

] [252] [253

] [254] [255

] [256] [257

]
! Use of \left doesn't match its definition.
\(->\left (
           
l.2555       &=&  - \epsilon \sigma T_s^4 p_e\(
                                               0.39-0.05
If you say, e.g., `\def\a1{...}', then you must always
put `1' after `\a', since control sequence names are
made up of letters only. The macro here has not been
followed by the required stuff, so I'm ignoring it.

! Use of \right doesn't match its definition.
\)->\right )
            
l.2556            \sqrt{e}\)
                             \(1-\chi c^2\) \\
If you say, e.g., `\def\a1{...}', then you must always
put `1' after `\a', since control sequence names are
made up of letters only. The macro here has not been
followed by the required stuff, so I'm ignoring it.

! Use of \left doesn't match its definition.
\(->\left (
           
l.2556            \sqrt{e}\) \(
                               1-\chi c^2\) \\
If you say, e.g., `\def\a1{...}', then you must always
put `1' after `\a', since control sequence names are
made up of letters only. The macro here has not been
followed by the required stuff, so I'm ignoring it.

! Use of \right doesn't match its definition.
\)->\right )
            
l.2556            \sqrt{e}\) \(1-\chi c^2\)
                                            \\
If you say, e.g., `\def\a1{...}', then you must always
put `1' after `\a', since control sequence names are
made up of letters only. The macro here has not been
followed by the required stuff, so I'm ignoring it.

! Use of \left doesn't match its definition.
\(->\left (
           
l.2559               p_e\(
                          0.39-0.05\sqrt{e}\) \(-\chi c^2\) \\
If you say, e.g., `\def\a1{...}', then you must always
put `1' after `\a', since control sequence names are
made up of letters only. The macro here has not been
followed by the required stuff, so I'm ignoring it.

! Use of \right doesn't match its definition.
\)->\right )
            
l.2559               p_e\(0.39-0.05\sqrt{e}\)
                                              \(-\chi c^2\) \\
If you say, e.g., `\def\a1{...}', then you must always
put `1' after `\a', since control sequence names are
made up of letters only. The macro here has not been
followed by the required stuff, so I'm ignoring it.

! Use of \left doesn't match its definition.
\(->\left (
           
l.2559               p_e\(0.39-0.05\sqrt{e}\) \(
                                                -\chi c^2\) \\
If you say, e.g., `\def\a1{...}', then you must always
put `1' after `\a', since control sequence names are
made up of letters only. The macro here has not been
followed by the required stuff, so I'm ignoring it.

! Use of \right doesn't match its definition.
\)->\right )
            
l.2559 ...  p_e\(0.39-0.05\sqrt{e}\) \(-\chi c^2\)
                                                   \\
If you say, e.g., `\def\a1{...}', then you must always
put `1' after `\a', since control sequence names are
made up of letters only. The macro here has not been
followed by the required stuff, so I'm ignoring it.

[258

] [259

] [260

] [261

] [262

] [263

] [264

] [265

] [266

] [267

] [268

] [269

] [270

] [271

] [272

] [273

] [274

] [275

] [276

]
Missing character: There is no ^^b0 in font cmr10!
Missing character: There is no ^^b0 in font cmr10!
Missing character: There is no ^^b0 in font cmr10!
Missing character: There is no ^^b0 in font cmr10!
Missing character: There is no ^^b0 in font cmr10!
Missing character: There is no ^^b0 in font cmr10!
[277] [278

] [279

] [280

] [281

] [282

] [283

] [284

] [285

] [286

] [287

]
! Use of \left doesn't match its definition.
\(->\left (
           
l.2768 ...arpage \begin{equation}\eps_\ship^2 = \(
                                                   W_{\rm ship} - W_t \)^2, ...
If you say, e.g., `\def\a1{...}', then you must always
put `1' after `\a', since control sequence names are
made up of letters only. The macro here has not been
followed by the required stuff, so I'm ignoring it.

! Use of \right doesn't match its definition.
\)->\right )
            
l.2768 ...}\eps_\ship^2 = \( W_{\rm ship} - W_t \)
                                                  ^2, \qquad
If you say, e.g., `\def\a1{...}', then you must always
put `1' after `\a', since control sequence names are
made up of letters only. The macro here has not been
followed by the required stuff, so I'm ignoring it.

! Use of \left doesn't match its definition.
\(->\left (
           
l.2769 \eps_\rand^2 = \(
                         W_{\rm rand} - W_t \)^2
If you say, e.g., `\def\a1{...}', then you must always
put `1' after `\a', since control sequence names are
made up of letters only. The macro here has not been
followed by the required stuff, so I'm ignoring it.

! Use of \right doesn't match its definition.
\)->\right )
            
l.2769 \eps_\rand^2 = \( W_{\rm rand} - W_t \)
                                              ^2
If you say, e.g., `\def\a1{...}', then you must always
put `1' after `\a', since control sequence names are
made up of letters only. The macro here has not been
followed by the required stuff, so I'm ignoring it.

[288

] [289

]
! Use of \left doesn't match its definition.
\<->\left \langle 
                  
l.2783 {\samepage \clearpage \begin{equation}\<
                                                \eps_\ship^2 \> = { \int\int...
If you say, e.g., `\def\a1{...}', then you must always
put `1' after `\a', since control sequence names are
made up of letters only. The macro here has not been
followed by the required stuff, so I'm ignoring it.

! Use of \right doesn't match its definition.
\>->\right \rangle 
                   
l.2783 ...rpage \begin{equation}\< \eps_\ship^2 \>
                                                   = { \int\int_{\rm ocean} ...
If you say, e.g., `\def\a1{...}', then you must always
put `1' after `\a', since control sequence names are
made up of letters only. The macro here has not been
followed by the required stuff, so I'm ignoring it.

[290

]
! Use of \left doesn't match its definition.
\<->\left \langle 
                  
l.2791 {\samepage \clearpage \begin{equation}\<
                                                \eps_\fwb^2 \> \equiv \< \ep...
If you say, e.g., `\def\a1{...}', then you must always
put `1' after `\a', since control sequence names are
made up of letters only. The macro here has not been
followed by the required stuff, so I'm ignoring it.

! Use of \right doesn't match its definition.
\>->\right \rangle 
                   
l.2791 ...arpage \begin{equation}\< \eps_\fwb^2 \>
                                                   \equiv \< \eps_\ship^2 \>...
If you say, e.g., `\def\a1{...}', then you must always
put `1' after `\a', since control sequence names are
made up of letters only. The macro here has not been
followed by the required stuff, so I'm ignoring it.

! Use of \left doesn't match its definition.
\<->\left \langle 
                  
l.2791 ...gin{equation}\< \eps_\fwb^2 \> \equiv \<
                                                   \eps_\ship^2 \> - \< \eps...
If you say, e.g., `\def\a1{...}', then you must always
put `1' after `\a', since control sequence names are
made up of letters only. The macro here has not been
followed by the required stuff, so I'm ignoring it.

! Use of \right doesn't match its definition.
\>->\right \rangle 
                   
l.2791 ...\eps_\fwb^2 \> \equiv \< \eps_\ship^2 \>
                                                   - \< \eps_\rand^2 \> \, .
If you say, e.g., `\def\a1{...}', then you must always
put `1' after `\a', since control sequence names are
made up of letters only. The macro here has not been
followed by the required stuff, so I'm ignoring it.

! Use of \left doesn't match its definition.
\<->\left \langle 
                  
l.2791 ...\fwb^2 \> \equiv \< \eps_\ship^2 \> - \<
                                                   \eps_\rand^2 \> \, .
If you say, e.g., `\def\a1{...}', then you must always
put `1' after `\a', since control sequence names are
made up of letters only. The macro here has not been
followed by the required stuff, so I'm ignoring it.

! Use of \right doesn't match its definition.
\>->\right \rangle 
                   
l.2791 ... \< \eps_\ship^2 \> - \< \eps_\rand^2 \>
                                                   \, .
If you say, e.g., `\def\a1{...}', then you must always
put `1' after `\a', since control sequence names are
made up of letters only. The macro here has not been
followed by the required stuff, so I'm ignoring it.

[291

] (770_images.aux)
LaTeX Warning: Label(s) may have changed. Rerun to get cross-references right.
 ) 
Here is how much of TeX's memory you used:
 290 strings out of 4463
 2664 string characters out of 63238
 38715 words of memory out of 262141
 2241 multiletter control sequences out of 9500
 18996 words of font info for 72 fonts, out of 72000 for 255
 14 hyphenation exceptions out of 607
 13i,13n,15p,1215b,337s stack positions out of 300i,40n,60p,3000b,4000s

Output written on 770_images.dvi (291 pages, 80908 bytes).
